[2.479s] Invoking command in '/home/kareem/ros2_ws/build/my_robot_description': /usr/bin/cmake --build /home/kareem/ros2_ws/build/my_robot_description -- -j12 -l12
[2.499s] -- Found ament_cmake: 0.9.12 (/opt/ros/foxy/share/ament_cmake/cmake)
[2.520s] -- Using PYTHON_EXECUTABLE: /usr/bin/python3
[2.622s] Traceback (most recent call last):
[2.622s]   File "/opt/ros/foxy/share/ament_cmake_core/cmake/package_templates/templates_2_cmake.py", line 21, in <module>
[2.622s]     from ament_package.templates import get_environment_hook_template_path
[2.622s] ModuleNotFoundError: No module named 'ament_package'
[2.634s] CMake Error at /opt/ros/foxy/share/ament_cmake_core/cmake/ament_cmake_package_templates-extras.cmake:41 (message):
[2.634s]   execute_process(/usr/bin/python3
[2.634s]   /opt/ros/foxy/share/ament_cmake_core/cmake/package_templates/templates_2_cmake.py
[2.634s]   /home/kareem/ros2_ws/build/my_robot_description/ament_cmake_package_templates/templates.cmake)
[2.634s]   returned error code 1
[2.634s] Call Stack (most recent call first):
[2.634s]   /opt/ros/foxy/share/ament_cmake_core/cmake/ament_cmake_coreConfig.cmake:41 (include)
[2.634s]   /opt/ros/foxy/share/ament_cmake/cmake/ament_cmake_export_dependencies-extras.cmake:15 (find_package)
[2.634s]   /opt/ros/foxy/share/ament_cmake/cmake/ament_cmakeConfig.cmake:41 (include)
[2.634s]   CMakeLists.txt:24 (find_package)
[2.634s] 
[2.635s] 
[2.635s] -- Configuring incomplete, errors occurred!
[2.635s] See also "/home/kareem/ros2_ws/build/my_robot_description/CMakeFiles/CMakeOutput.log".
[2.992s] make: *** [Makefile:222: cmake_check_build_system] Error 1
[3.006s] Invoked command in '/home/kareem/ros2_ws/build/my_robot_description' returned '2': /usr/bin/cmake --build /home/kareem/ros2_ws/build/my_robot_description -- -j12 -l12
