[0.070s] Invoking command in '/home/kareem/ros2_ws/build/my_robot_description': /usr/bin/cmake --build /home/kareem/ros2_ws/build/my_robot_description -- -j12 -l12
[0.777s] -- Found ament_cmake: 0.9.12 (/opt/ros/foxy/share/ament_cmake/cmake)
[0.959s] -- Using PYTHON_EXECUTABLE: /usr/bin/python3
[1.081s] Traceback (most recent call last):
[1.081s]   File "/opt/ros/foxy/share/ament_cmake_core/cmake/package_templates/templates_2_cmake.py", line 21, in <module>
[1.082s]     from ament_package.templates import get_environment_hook_template_path
[1.082s] ModuleNotFoundError: No module named 'ament_package'
[1.092s] CMake Error at /opt/ros/foxy/share/ament_cmake_core/cmake/ament_cmake_package_templates-extras.cmake:41 (message):
[1.092s]   execute_process(/usr/bin/python3
[1.092s]   /opt/ros/foxy/share/ament_cmake_core/cmake/package_templates/templates_2_cmake.py
[1.092s]   /home/kareem/ros2_ws/build/my_robot_description/ament_cmake_package_templates/templates.cmake)
[1.093s]   returned error code 1
[1.093s] Call Stack (most recent call first):
[1.093s]   /opt/ros/foxy/share/ament_cmake_core/cmake/ament_cmake_coreConfig.cmake:41 (include)
[1.093s]   /opt/ros/foxy/share/ament_cmake/cmake/ament_cmake_export_dependencies-extras.cmake:15 (find_package)
[1.093s]   /opt/ros/foxy/share/ament_cmake/cmake/ament_cmakeConfig.cmake:41 (include)
[1.093s]   CMakeLists.txt:24 (find_package)
[1.093s] 
[1.093s] 
[1.093s] -- Configuring incomplete, errors occurred!
[1.093s] See also "/home/kareem/ros2_ws/build/my_robot_description/CMakeFiles/CMakeOutput.log".
[1.104s] make: *** [Makefile:222: cmake_check_build_system] Error 1
[1.106s] Invoked command in '/home/kareem/ros2_ws/build/my_robot_description' returned '2': /usr/bin/cmake --build /home/kareem/ros2_ws/build/my_robot_description -- -j12 -l12
